Nothing to compile
Creating Typechain artifacts in directory ./typechain for target ethers-v5
Successfully generated Typechain artifacts!
Started HTTP and WebSocket JSON-RPC server at http://127.0.0.1:8545/

eth_chainId
net_version
net_version (2)
eth_getBlockByNumber
eth_accounts
eth_getBalance
eth_estimateGas
eth_sendTransaction
  Contract deployment: <UnrecognizedContract>
  Contract address:    0x5fbdb2315678afecb367f032d93f642f64180aa3
  Transaction:         0x38c5abfa33191eb94aed218cd0f9754d2749a2d1a34668da2a99b20974f79e3c
  From:                0xf39fd6e51aad88f6f4ce6ab8827279cfffb92266
  Value:               0 ETH
  Gas used:            1099524 of 5000000
  Block #1:            0xc70b241d99a5115aaf9d2c23c0c447a832032a7f17b6289bac1cec5b811cb4d9

eth_getTransactionReceipt
eth_getCode
eth_estimateGas
eth_sendTransaction
  Contract deployment: <UnrecognizedContract>
  Contract address:    0xe7f1725e7734ce288f8367e1bb143e90bb3f0512
  Transaction:         0xfbb62a8b407d16f3bb3c1473a291ad9692b4e8785848183ce20c02f725c6fb17
  From:                0xf39fd6e51aad88f6f4ce6ab8827279cfffb92266
  Value:               0 ETH
  Gas used:            1698080 of 5000000
  Block #2:            0xcbafe3ae41b6bb78b09cf95c1c3257986a9d5d3c55b62477987a28f4401a8040

eth_getTransactionReceipt
eth_getCode
eth_estimateGas
eth_sendTransaction
  Contract deployment: <UnrecognizedContract>
  Contract address:    0x9fe46736679d2d9a65f0992f2272de9f3c7fa6e0
  Transaction:         0x6636a92fa13cd7fea2ae381a91e9c3da4146c65412bf634986dd5f993dbdfc80
  From:                0xf39fd6e51aad88f6f4ce6ab8827279cfffb92266
  Value:               0 ETH
  Gas used:            1097463 of 5000000
  Block #3:            0x0ae92b961c03e761431112cbec9b60293d71d07291ec4c740ad7b5f5b3e23b29

eth_getTransactionReceipt
eth_getCode
eth_estimateGas
eth_sendTransaction
  Contract deployment: <UnrecognizedContract>
  Contract address:    0xcf7ed3acca5a467e9e704c703e8d87f634fb0fc9
  Transaction:         0xff22ee127667721c8de765d9734604293491768adfe61ec8167d90365f0b7842
  From:                0xf39fd6e51aad88f6f4ce6ab8827279cfffb92266
  Value:               0 ETH
  Gas used:            3385011 of 5000000
  Block #4:            0xa691af4086d6f788c3b3cb89523cb81cf2c14ad29f8414f3e0c3ab31ceac7263

eth_getTransactionReceipt
eth_getCode
eth_estimateGas
eth_sendTransaction
  Contract deployment: <UnrecognizedContract>
  Contract address:    0xdc64a140aa3e981100a9beca4e685f962f0cf6c9
  Transaction:         0x257a82a9b87b7f5c1f382d187691a48e8debdeeae25147e0b99b3e1a4883f0d9
  From:                0xf39fd6e51aad88f6f4ce6ab8827279cfffb92266
  Value:               0 ETH
  Gas used:            340770 of 5000000
  Block #5:            0x5913ba585783cbfa3ed7a90043d01514c1a28e9ceb2bce82d9afac8943b1e00b

eth_getTransactionReceipt
eth_getCode
eth_estimateGas
eth_sendTransaction
  Contract deployment: <UnrecognizedContract>
  Contract address:    0x5fc8d32690cc91d4c39d9d3abcbd16989f875707
  Transaction:         0x808ed0763182113e6acee0d1c88b8b176ef658f3a2f3da0c20bbb5f9b149b04d
  From:                0xf39fd6e51aad88f6f4ce6ab8827279cfffb92266
  Value:               0 ETH
  Gas used:            981451 of 5000000
  Block #6:            0x5f31551403c83536c1964e2e07c2eb376895ae910b466aa7be3d2ff304c6eba8

eth_getTransactionReceipt
eth_getCode
eth_sendTransaction
  Contract call:       <UnrecognizedContract>
  Transaction:         0xdf75d28310ea44bfefc971070a18e8841f0f20c8dd4d980273556e736a2dc120
  From:                0xf39fd6e51aad88f6f4ce6ab8827279cfffb92266
  To:                  0x5fc8d32690cc91d4c39d9d3abcbd16989f875707
  Value:               0 ETH
  Gas used:            46104 of 5000000
  Block #7:            0x6c4642535dc4723c6000cea1a08b372837e736e4eaf9e00566c3f1d9ac180874

eth_getTransactionReceipt
eth_sendTransaction
  Contract call:       <UnrecognizedContract>
  Transaction:         0xb2d012fc8bb9786d4acf92d359ade4f5a94f57fb466789e8ff393517f703e32b
  From:                0xf39fd6e51aad88f6f4ce6ab8827279cfffb92266
  To:                  0x5fc8d32690cc91d4c39d9d3abcbd16989f875707
  Value:               0 ETH
  Gas used:            46081 of 5000000
  Block #8:            0x44988e6de41db158146b5f2755595d8b5e86d05a5d755282e9b08e198d16f0d5

eth_getTransactionReceipt
eth_sendTransaction
  Contract call:       <UnrecognizedContract>
  Transaction:         0x0360d700de415164ef3ca3444e6dd81f1a577d154b60944d52f15642d34b9339
  From:                0xf39fd6e51aad88f6f4ce6ab8827279cfffb92266
  To:                  0x9fe46736679d2d9a65f0992f2272de9f3c7fa6e0
  Value:               0 ETH
  Gas used:            56973 of 5000000
  Block #9:            0xca447c1189833c6cee1a504571b248fb38076b3f860ba7d267345c95243068b0

eth_getTransactionReceipt
eth_sendTransaction
  Contract call:       <UnrecognizedContract>
  Transaction:         0x6d1650a9155f4feef0939dcfdb25544af79aabbdff9e614599cfab2df0587d6c
  From:                0xf39fd6e51aad88f6f4ce6ab8827279cfffb92266
  To:                  0x9fe46736679d2d9a65f0992f2272de9f3c7fa6e0
  Value:               0 ETH
  Gas used:            49382 of 5000000
  Block #10:           0x3e9869f45bb73466edee52227f1ef51b2f72e76bfceb2142d9c7ec60b698e36f

eth_getTransactionReceipt
eth_accounts
eth_call
  Contract call:       <UnrecognizedContract>
  From:                0xf39fd6e51aad88f6f4ce6ab8827279cfffb92266
  To:                  0xcf7ed3acca5a467e9e704c703e8d87f634fb0fc9

eth_getBlockByNumber
eth_gasPrice
eth_sendTransaction
  Contract call:       <UnrecognizedContract>
  Transaction:         0x8e70d185dc70bccc935b061f2722fae3561c41d97618e83cb11c7bf3d6d49ff7
  From:                0xf39fd6e51aad88f6f4ce6ab8827279cfffb92266
  To:                  0xcf7ed3acca5a467e9e704c703e8d87f634fb0fc9
  Value:               1 ETH
  Gas used:            48128 of 12000000
  Block #11:           0xa1d367424f099b64c2780ad45eb60a7c4bd5f075500a500cc99cd2ce35ca642e

eth_getTransactionReceipt
eth_call
  Contract call:       <UnrecognizedContract>
  From:                0xf39fd6e51aad88f6f4ce6ab8827279cfffb92266
  To:                  0xcf7ed3acca5a467e9e704c703e8d87f634fb0fc9

eth_chainId
net_version
net_version (2)
eth_getBlockByNumber
eth_getCode
eth_getLogs
eth_getLogs (2)
eth_getBalance
eth_call
  Contract call:       <UnrecognizedContract>
  From:                0xf39fd6e51aad88f6f4ce6ab8827279cfffb92266
  To:                  0x5fbdb2315678afecb367f032d93f642f64180aa3

eth_call
  Contract call:       <UnrecognizedContract>
  From:                0xf39fd6e51aad88f6f4ce6ab8827279cfffb92266
  To:                  0xcf7ed3acca5a467e9e704c703e8d87f634fb0fc9

eth_getBlockByNumber
eth_call
  Contract call:       <UnrecognizedContract>
  From:                0xf39fd6e51aad88f6f4ce6ab8827279cfffb92266
  To:                  0xcf7ed3acca5a467e9e704c703e8d87f634fb0fc9

eth_call
  Contract call:       <UnrecognizedContract>
  From:                0xf39fd6e51aad88f6f4ce6ab8827279cfffb92266
  To:                  0x5fbdb2315678afecb367f032d93f642f64180aa3

eth_getBalance
eth_sendTransaction
  Transaction:         0x4b3745b44bce1620325054296cfd0de3b08d64f427e43cf9ab40b30aed6e937b
  From:                0xf39fd6e51aad88f6f4ce6ab8827279cfffb92266
  To:                  0x1f35cdd35f5042f3860f4a3a889c3f409d90945f
  Value:               1 ETH
  Gas used:            21000 of 1000000
  Block #12:           0x1d59bda4b3e919b4f2609a45aeaddffb8248a0eef1b920e42b5306e158d1d3c0

eth_getTransactionReceipt
eth_blockNumber
eth_gasPrice
eth_getBalance
eth_getLogs
eth_getLogs (2)
eth_getLogs (3)
eth_estimateGas
eth_gasPrice
eth_getTransactionCount
eth_sendRawTransaction
  Contract call:       <UnrecognizedContract>
  Transaction:         0x91ac3aa9b21d9bb360a3eec3b84c3834920d306248de006bde65eb3cb97ed129
  From:                0x1f35cdd35f5042f3860f4a3a889c3f409d90945f
  To:                  0x5fbdb2315678afecb367f032d93f642f64180aa3
  Value:               0 ETH
  Gas used:            45826 of 45826
  Block #13:           0x653ceb059e57ad5ed61b40a91badf3ed41bfa7112b0baef82096687323f8994c

eth_call
  Contract call:       <UnrecognizedContract>
  From:                0xf39fd6e51aad88f6f4ce6ab8827279cfffb92266
  To:                  0xcf7ed3acca5a467e9e704c703e8d87f634fb0fc9

eth_getTransactionCount
eth_getTransactionByHash
eth_getTransactionCount
eth_blockNumber
eth_gasPrice
eth_getBalance
eth_getLogs
eth_getLogs (2)
eth_getLogs (3)
eth_call
  Contract call:       <UnrecognizedContract>
  From:                0xf39fd6e51aad88f6f4ce6ab8827279cfffb92266
  To:                  0x5fbdb2315678afecb367f032d93f642f64180aa3

eth_call
  Contract call:       <UnrecognizedContract>
  From:                0xf39fd6e51aad88f6f4ce6ab8827279cfffb92266
  To:                  0xcf7ed3acca5a467e9e704c703e8d87f634fb0fc9

eth_call
  Contract call:       <UnrecognizedContract>
  From:                0xf39fd6e51aad88f6f4ce6ab8827279cfffb92266
  To:                  0xcf7ed3acca5a467e9e704c703e8d87f634fb0fc9

eth_getTransactionCount
eth_getTransactionCount (2)
eth_call
  Contract call:       <UnrecognizedContract>
  From:                0xf39fd6e51aad88f6f4ce6ab8827279cfffb92266
  To:                  0x5fbdb2315678afecb367f032d93f642f64180aa3

eth_call
  Contract call:       <UnrecognizedContract>
  From:                0xf39fd6e51aad88f6f4ce6ab8827279cfffb92266
  To:                  0xcf7ed3acca5a467e9e704c703e8d87f634fb0fc9

eth_sendTransaction
  Contract call:       <UnrecognizedContract>
  Transaction:         0xb8da3340c5c9ead6864bd09e0a28b123c4560e264b6ca440fae492ad0a24eaac
  From:                0xf39fd6e51aad88f6f4ce6ab8827279cfffb92266
  To:                  0x5fbdb2315678afecb367f032d93f642f64180aa3
  Value:               1 ETH
  Gas used:            71095 of 1000000
  Block #14:           0x793dc8f4848d75a99b563773d10fff5aca2d1323510af968827c160ba31acb94

eth_getTransactionReceipt
eth_call
  Contract call:       <UnrecognizedContract>
  From:                0xf39fd6e51aad88f6f4ce6ab8827279cfffb92266
  To:                  0x5fbdb2315678afecb367f032d93f642f64180aa3

eth_blockNumber
eth_gasPrice
eth_sendTransaction
  Contract call:       <UnrecognizedContract>
  Transaction:         0xe2566c64f732b76dbbf7e5ba44311085a1baf58b36a7f469eeb40383afa0057a
  From:                0xf39fd6e51aad88f6f4ce6ab8827279cfffb92266
  To:                  0x5fbdb2315678afecb367f032d93f642f64180aa3
  Value:               0 ETH
  Gas used:            48359 of 1000000
  Block #15:           0x4cde09a294f6228fcab0bf81d35f7cce16a43457b9e1868e0deb236c3a1a29dd

eth_getBalance
eth_getTransactionReceipt
eth_getLogs
eth_getLogs (2)
eth_getLogs (3)
eth_call
  Contract call:       <UnrecognizedContract>
  From:                0xf39fd6e51aad88f6f4ce6ab8827279cfffb92266
  To:                  0x5fbdb2315678afecb367f032d93f642f64180aa3

eth_call
  Contract call:       <UnrecognizedContract>
  From:                0xf39fd6e51aad88f6f4ce6ab8827279cfffb92266
  To:                  0xcf7ed3acca5a467e9e704c703e8d87f634fb0fc9

eth_call
  Contract call:       <UnrecognizedContract>
  From:                0xf39fd6e51aad88f6f4ce6ab8827279cfffb92266
  To:                  0xcf7ed3acca5a467e9e704c703e8d87f634fb0fc9

eth_call
  Contract call:       <UnrecognizedContract>
  From:                0xf39fd6e51aad88f6f4ce6ab8827279cfffb92266
  To:                  0xcf7ed3acca5a467e9e704c703e8d87f634fb0fc9

eth_estimateGas
eth_blockNumber
eth_gasPrice
eth_getTransactionCount
eth_sendRawTransaction
  Contract call:       <UnrecognizedContract>
  Transaction:         0x12b35ff76ae10d271e95fdf5e30e4b5294c012cfc60bf541f59e2c7cc4218bbd
  From:                0x1f35cdd35f5042f3860f4a3a889c3f409d90945f
  To:                  0xcf7ed3acca5a467e9e704c703e8d87f634fb0fc9
  Value:               0 ETH
  Gas used:            89086 of 89086
  Block #16:           0x5c2e628b97b013caa78c658d8fe92203fdc1e23e94472602202e534babbce75f

eth_estimateGas
eth_blockNumber
eth_gasPrice
eth_getTransactionCount
eth_sendRawTransaction
  Contract call:       <UnrecognizedContract>
  Transaction:         0x0a39b924dd0f06028e4f6e821f97f097c32b73fe2f81edb546476bb17c34ef5f
  From:                0x1f35cdd35f5042f3860f4a3a889c3f409d90945f
  To:                  0xcf7ed3acca5a467e9e704c703e8d87f634fb0fc9
  Value:               0 ETH
  Gas used:            44337 of 44337
  Block #17:           0x0388af718585f9c605d9befa6f1d18ca3f5c9c725366b499869078cb1c114a43

eth_getTransactionCount
eth_getTransactionByHash
eth_blockNumber
eth_getTransactionByHash
eth_getTransactionCount
eth_blockNumber
eth_gasPrice
eth_getBalance
eth_getLogs
eth_getLogs (2)
eth_getTransactionCount
eth_getTransactionCount (2)
eth_getBalance
eth_call
  Contract call:       <UnrecognizedContract>
  From:                0xf39fd6e51aad88f6f4ce6ab8827279cfffb92266
  To:                  0xcf7ed3acca5a467e9e704c703e8d87f634fb0fc9

eth_getBalance
eth_getBalance (2)
eth_gasPrice
eth_getTransactionCount
eth_sendRawTransaction
  Transaction:         0xd6d7494a9bdbf4d9fb1ad70b0f8d417190ad0cb27602c9b1808ad8b5ca9e4f39
  From:                0x1f35cdd35f5042f3860f4a3a889c3f409d90945f
  To:                  0x523d51009817dfa43bf2e09d4e9109aeef160e24
  Value:               0.3 ETH
  Gas used:            21000 of 21000
  Block #18:           0x5486c2f7d42814c9eb858c11da7f08f9abe8b27866799411ff6348322c26309b

eth_getBalance
eth_blockNumber
eth_gasPrice
eth_getBalance
eth_getLogs
eth_getLogs (2)
eth_getTransactionCount
eth_getTransactionByHash
eth_getTransactionCount
eth_getBalance
eth_call
  Contract call:       <UnrecognizedContract>
  From:                0xf39fd6e51aad88f6f4ce6ab8827279cfffb92266
  To:                  0xcf7ed3acca5a467e9e704c703e8d87f634fb0fc9

eth_getBalance
eth_getBalance (2)
eth_blockNumber
eth_blockNumber (2)
eth_blockNumber (3)
eth_blockNumber (4)
eth_blockNumber (5)
eth_blockNumber (6)
eth_blockNumber (7)
eth_blockNumber (8)
eth_blockNumber (9)
eth_blockNumber (10)
eth_blockNumber (11)
eth_blockNumber (12)
eth_blockNumber (13)
eth_blockNumber (14)
eth_blockNumber (15)
eth_blockNumber (16)
eth_blockNumber (17)
eth_blockNumber (18)
eth_blockNumber (19)
eth_blockNumber (20)
eth_blockNumber (21)
eth_blockNumber (22)
eth_blockNumber (23)
eth_blockNumber (24)
eth_blockNumber (25)
eth_blockNumber (26)
eth_blockNumber (27)
eth_blockNumber (28)
eth_blockNumber (29)
eth_blockNumber (30)
eth_blockNumber (31)
eth_blockNumber (32)
eth_blockNumber (33)
eth_blockNumber (34)
eth_blockNumber (35)
eth_blockNumber (36)
eth_blockNumber (37)
eth_blockNumber (38)
eth_blockNumber (39)
eth_blockNumber (40)
eth_blockNumber (41)
eth_blockNumber (42)
eth_blockNumber (43)
eth_blockNumber (44)
eth_blockNumber (45)
eth_blockNumber (46)
eth_blockNumber (47)
eth_blockNumber (48)
eth_blockNumber (49)
eth_blockNumber (50)
eth_blockNumber (51)
eth_blockNumber (52)
eth_blockNumber (53)
eth_blockNumber (54)
eth_call
  Contract call:       <UnrecognizedContract>
  From:                0xf39fd6e51aad88f6f4ce6ab8827279cfffb92266
  To:                  0x5fc8d32690cc91d4c39d9d3abcbd16989f875707

eth_call
  Contract call:       <UnrecognizedContract>
  From:                0xf39fd6e51aad88f6f4ce6ab8827279cfffb92266
  To:                  0x5fc8d32690cc91d4c39d9d3abcbd16989f875707

eth_call
  Contract call:       <UnrecognizedContract>
  From:                0xf39fd6e51aad88f6f4ce6ab8827279cfffb92266
  To:                  0x5fc8d32690cc91d4c39d9d3abcbd16989f875707

eth_call
  Contract call:       <UnrecognizedContract>
  From:                0xf39fd6e51aad88f6f4ce6ab8827279cfffb92266
  To:                  0xcf7ed3acca5a467e9e704c703e8d87f634fb0fc9

eth_call
  Contract call:       <UnrecognizedContract>
  From:                0xf39fd6e51aad88f6f4ce6ab8827279cfffb92266
  To:                  0xcf7ed3acca5a467e9e704c703e8d87f634fb0fc9

eth_blockNumber
eth_call
  Contract call:       <UnrecognizedContract>
  From:                0xf39fd6e51aad88f6f4ce6ab8827279cfffb92266
  To:                  0xcf7ed3acca5a467e9e704c703e8d87f634fb0fc9

eth_chainId
net_version
net_version (2)
eth_getBlockByNumber
eth_blockNumber
eth_chainId
eth_blockNumber
eth_blockNumber (2)
eth_blockNumber (3)
eth_blockNumber (4)
eth_blockNumber (5)
eth_call
  Contract call:       <UnrecognizedContract>
  From:                0xf39fd6e51aad88f6f4ce6ab8827279cfffb92266
  To:                  0x5fc8d32690cc91d4c39d9d3abcbd16989f875707

eth_call
  Contract call:       <UnrecognizedContract>
  From:                0xf39fd6e51aad88f6f4ce6ab8827279cfffb92266
  To:                  0x5fc8d32690cc91d4c39d9d3abcbd16989f875707

eth_call
  Contract call:       <UnrecognizedContract>
  From:                0xf39fd6e51aad88f6f4ce6ab8827279cfffb92266
  To:                  0x5fc8d32690cc91d4c39d9d3abcbd16989f875707

eth_call
  Contract call:       <UnrecognizedContract>
  From:                0xf39fd6e51aad88f6f4ce6ab8827279cfffb92266
  To:                  0xcf7ed3acca5a467e9e704c703e8d87f634fb0fc9

eth_call
  Contract call:       <UnrecognizedContract>
  From:                0xf39fd6e51aad88f6f4ce6ab8827279cfffb92266
  To:                  0xcf7ed3acca5a467e9e704c703e8d87f634fb0fc9

eth_call
  Contract call:       <UnrecognizedContract>
  From:                0xf39fd6e51aad88f6f4ce6ab8827279cfffb92266
  To:                  0xcf7ed3acca5a467e9e704c703e8d87f634fb0fc9

eth_chainId
net_version
net_version (2)
eth_getBlockByNumber
eth_chainId
eth_blockNumber
eth_blockNumber (2)
eth_chainId
eth_blockNumber
eth_getLogs
eth_blockNumber
eth_getLogs
eth_getLogs (2)
eth_gasPrice
eth_blockNumber
eth_call
  Contract call:       <UnrecognizedContract>
  From:                0xf39fd6e51aad88f6f4ce6ab8827279cfffb92266
  To:                  0x9fe46736679d2d9a65f0992f2272de9f3c7fa6e0

eth_getTransactionCount
eth_getBlockByNumber
eth_getBalance
eth_call
  Contract call:       <UnrecognizedContract>
  From:                0x523d51009817dfa43bf2e09d4e9109aeef160e24
  To:                  0xcf7ed3acca5a467e9e704c703e8d87f634fb0fc9

eth_blockNumber
eth_blockNumber (2)
